<?xml version="1.0" encoding="UTF-8"?>
<!-- Generated by org.testng.reporters.JUnitReportReporter -->
<testsuite hostname="LTIN180847" failures="0" tests="2" name="org.phpcrm.qa.Test.TravelPage_Test" time="15.788" errors="0" timestamp="2021-01-03T20:41:36 IST" skipped="0">
  <testcase classname="org.phpcrm.qa.Test.TravelPage_Test" name="validate_Phptravels_Title_Test" time="8.622"/>
  <system-out/>
  <testcase classname="org.phpcrm.qa.Test.TravelPage_Test" name="validate_Phptravels_Name_Test" time="7.166"/>
  <system-out/>
</testsuite> <!-- org.phpcrm.qa.Test.TravelPage_Test -->
